<?xml version="1.0" encoding="UTF-8"?>
<!-- Generated by org.testng.reporters.JUnitReportReporter -->
<testsuite hostname="DESKTOP-FC0IVJN" failures="0" tests="1" name="com.logintest.OrangeHRMLoginTest" time="2.686" errors="0" timestamp="2025-05-26T13:40:12 IST" skipped="0">
  <testcase classname="com.logintest.OrangeHRMLoginTest" name="testValidLogin" time="2.686"/>
</testsuite> <!-- com.logintest.OrangeHRMLoginTest -->
